CRITICAL - 2024-10-15 17:51:27 --> BadMethodCallException: Call to undefined method App\Models\UserModel::getAllAditors
[Method: GET, Route: reponses]
in SYSTEMPATH\Model.php on line 932.
 1 APPPATH\Controllers\FormController.php(160): CodeIgniter\Model->__call()
 2 SYSTEMPATH\CodeIgniter.php(933): App\Controllers\FormController->responses()
 3 SYSTEMPATH\CodeIgniter.php(509): CodeIgniter\CodeIgniter->runController()
 4 SYSTEMPATH\CodeIgniter.php(355): CodeIgniter\CodeIgniter->handleRequest()
 5 SYSTEMPATH\Boot.php(325): CodeIgniter\CodeIgniter->run()
 6 SYSTEMPATH\Boot.php(67): CodeIgniter\Boot::runCodeIgniter()
 7 FCPATH\index.php(56): CodeIgniter\Boot::bootWeb()
 8 SYSTEMPATH\rewrite.php(44): require_once('E:\\projet_kassi\\edm\\public\\index.php')
CRITICAL - 2024-10-15 17:51:46 --> BadMethodCallException: Call to undefined method App\Models\UserModel::getAllAditors
[Method: GET, Route: reponses]
in SYSTEMPATH\Model.php on line 932.
 1 APPPATH\Controllers\FormController.php(160): CodeIgniter\Model->__call()
 2 SYSTEMPATH\CodeIgniter.php(933): App\Controllers\FormController->responses()
 3 SYSTEMPATH\CodeIgniter.php(509): CodeIgniter\CodeIgniter->runController()
 4 SYSTEMPATH\CodeIgniter.php(355): CodeIgniter\CodeIgniter->handleRequest()
 5 SYSTEMPATH\Boot.php(325): CodeIgniter\CodeIgniter->run()
 6 SYSTEMPATH\Boot.php(67): CodeIgniter\Boot::runCodeIgniter()
 7 FCPATH\index.php(56): CodeIgniter\Boot::bootWeb()
 8 SYSTEMPATH\rewrite.php(44): require_once('E:\\projet_kassi\\edm\\public\\index.php')
